2025-08-03 23:19:00,548 - INFO - Logger is working from a sibling folder!
2025-08-03 23:19:00,548 - INFO - Summary stat csv file created successfully
2025-08-03 23:19:14,170 - INFO - Data loades successfully
2025-08-03 23:22:06,166 - INFO - Logger is working from a sibling folder!
2025-08-03 23:22:06,166 - INFO - Summary stat csv file created successfully
2025-08-03 23:22:08,529 - INFO - Data loaded successfully
2025-08-03 23:24:14,300 - INFO - Logger is working from a sibling folder!
2025-08-03 23:24:14,300 - INFO - Summary stat csv file created successfully
2025-08-03 23:24:23,356 - INFO - Data loaded successfully
2025-08-03 23:26:19,043 - INFO - Logger is working from a sibling folder!
2025-08-03 23:26:19,043 - INFO - Summary stat csv file created successfully
2025-08-03 23:26:21,380 - INFO - Data loaded successfully
2025-08-03 23:28:02,584 - INFO - Logger is working from a sibling folder!
2025-08-03 23:28:02,584 - INFO - Summary stat csv file created successfully
2025-08-03 23:28:17,821 - INFO - Data loaded successfully
2025-08-03 23:29:25,205 - INFO - Logger is working from a sibling folder!
2025-08-03 23:29:25,205 - INFO - Summary stat csv file created successfully
2025-08-03 23:29:44,975 - INFO - Logger is working from a sibling folder!
2025-08-03 23:29:44,975 - INFO - Summary stat csv file created successfully
2025-08-03 23:29:47,143 - INFO - Data loaded successfully
2025-08-03 23:34:55,697 - INFO - Data loaded successfully
2025-08-03 23:37:57,459 - INFO - Data loaded successfully
2025-08-03 23:39:52,228 - INFO - Data loaded successfully
2025-08-03 23:39:54,070 - INFO - Removed 3 duplicate rows.
2025-08-03 23:40:40,918 - INFO - Data loaded successfully
2025-08-03 23:40:43,663 - INFO - Removed 3 duplicate rows.
2025-08-03 23:40:54,694 - INFO - Cleaned data saved to join.csv
2025-08-03 23:42:11,043 - INFO - Data loaded successfully
2025-08-03 23:43:03,049 - INFO - Data loaded successfully
2025-08-03 23:43:04,827 - INFO - Removed 3 duplicate rows.
2025-08-03 23:44:21,757 - INFO - Data loaded successfully
2025-08-03 23:44:23,409 - INFO - Removed 3 duplicate rows.
2025-08-03 23:44:36,706 - INFO - Data loaded successfully
2025-08-03 23:44:37,961 - INFO - Removed 3 duplicate rows.
2025-08-03 23:45:42,097 - INFO - Data loaded successfully
2025-08-03 23:45:59,336 - INFO - Data loaded successfully
2025-08-03 23:46:01,111 - INFO - Removed 3 duplicate rows.
2025-08-03 23:46:16,583 - INFO - Data loaded successfully
2025-08-03 23:46:17,869 - INFO - Removed 3 duplicate rows.
2025-08-03 23:47:52,904 - INFO - Data loaded successfully
2025-08-03 23:47:55,269 - INFO - Removed 0 duplicate rows.
2025-08-03 23:51:15,587 - INFO - Data loaded successfully
2025-08-03 23:53:50,487 - INFO - Data loaded successfully
2025-08-03 23:56:11,052 - INFO - Data loaded successfully
2025-08-03 23:57:42,600 - INFO - Data loaded successfully
2025-08-03 23:59:17,469 - INFO - Data loaded successfully
2025-08-04 00:00:44,596 - INFO - Data loaded successfully
2025-08-04 00:01:03,801 - INFO - Data loaded successfully
2025-08-04 00:04:01,687 - INFO - Data loaded successfully
2025-08-04 00:04:20,196 - INFO - Data loaded successfully
2025-08-04 00:05:45,823 - INFO - Data loaded successfully
2025-08-04 00:06:15,424 - INFO - Data loaded successfully
2025-08-04 00:06:30,020 - INFO - Data loaded successfully
2025-08-04 00:06:44,829 - INFO - Removed 0 duplicate rows.
2025-08-04 00:07:45,663 - INFO - Data loaded successfully
2025-08-04 00:07:47,803 - INFO - Removed 3 duplicate rows.
2025-08-04 00:09:22,123 - INFO - Data loaded successfully
2025-08-04 00:10:20,559 - INFO - Data loaded successfully
2025-08-04 00:10:49,102 - INFO - Data loaded successfully
2025-08-04 00:11:10,831 - INFO - Data loaded successfully
2025-08-04 00:13:47,503 - INFO - Data loaded successfully
2025-08-04 00:14:36,870 - INFO - Data loaded successfully
2025-08-04 00:15:58,113 - INFO - Data loaded successfully
2025-08-04 00:19:59,602 - INFO - Data loaded successfully
2025-08-04 00:21:48,827 - INFO - Data loaded successfully
2025-08-04 00:26:31,427 - INFO - Data loaded successfully
2025-08-04 00:27:47,209 - INFO - Data loaded successfully
2025-08-04 00:28:26,725 - INFO - Data loaded successfully
2025-08-04 00:28:47,614 - INFO - Data loaded successfully
2025-08-04 00:29:16,046 - INFO - Data loaded successfully
2025-08-04 00:30:15,956 - INFO - Data loaded successfully
2025-08-04 00:31:24,283 - INFO - Data loaded successfully
2025-08-04 00:33:06,117 - INFO - Data loaded successfully
2025-08-04 00:36:04,516 - INFO - Data loaded successfully
2025-08-04 00:38:00,022 - INFO - Data loaded successfully
2025-08-04 00:38:42,880 - INFO - Data loaded successfully
2025-08-04 00:40:04,943 - INFO - Data loaded successfully
2025-08-04 00:43:42,500 - INFO - Data loaded successfully
2025-08-04 00:44:14,690 - INFO - Data loaded successfully
2025-08-04 00:46:50,074 - INFO - Data loaded successfully
2025-08-04 00:50:24,946 - INFO - Data loaded successfully
2025-08-04 00:51:47,534 - INFO - Data loaded successfully
2025-08-04 00:53:19,641 - INFO - Data loaded successfully
2025-08-04 00:55:01,714 - INFO - Data loaded successfully
2025-08-04 00:56:08,082 - INFO - Data loaded successfully
2025-08-05 01:27:46,232 - INFO - Data loaded successfully
2025-08-05 01:29:18,961 - INFO - Data loaded successfully
2025-08-05 01:32:37,685 - INFO - Data loaded successfully
2025-08-05 01:38:07,079 - INFO - Data loaded successfully
2025-08-05 01:41:06,361 - INFO - Data loaded successfully
2025-08-05 01:43:02,379 - INFO - Data loaded successfully
2025-08-05 01:47:57,823 - INFO - Data loaded successfully
2025-08-05 01:48:26,775 - INFO - Data cleaned successfully and saved to C:\Users\HP\OneDrive\Desktop\dataprocessing\data\generated_time_series_data.csv.
2025-08-05 01:49:05,453 - INFO - Data cleaned successfully and saved to C:\Users\HP\OneDrive\Desktop\dataprocessing\data\generated_time_series_data.csv.
2025-08-05 01:49:25,467 - INFO - Data cleaned successfully and saved to C:\Users\HP\OneDrive\Desktop\dataprocessing\data\generated_time_series_data.csv.
2025-08-05 01:49:41,729 - INFO - Data cleaned successfully and saved to C:\Users\HP\OneDrive\Desktop\dataprocessing\data\generated_time_series_data.csv.
2025-08-05 02:06:58,489 - INFO - Data loaded successfully
2025-08-05 02:06:58,973 - INFO - Data loaded successfully
2025-08-05 02:06:59,041 - INFO - Data loaded successfully
2025-08-05 02:06:59,118 - INFO - Data loaded successfully
2025-08-05 02:06:59,120 - INFO - Data loaded successfully
2025-08-05 02:06:59,172 - INFO - Data loaded successfully
2025-08-05 02:06:59,197 - INFO - Data loaded successfully
2025-08-05 02:06:59,212 - INFO - Data loaded successfully
2025-08-05 02:06:59,233 - INFO - Data loaded successfully
2025-08-05 02:06:59,254 - INFO - Data loaded successfully
2025-08-05 02:06:59,277 - INFO - Data loaded successfully
2025-08-05 02:06:59,295 - INFO - Data loaded successfully
2025-08-05 02:06:59,610 - INFO - Data loaded successfully
2025-08-05 02:08:18,483 - INFO - Data loaded successfully
2025-08-05 02:08:18,776 - INFO - Data loaded successfully
2025-08-05 02:08:18,819 - INFO - Data loaded successfully
2025-08-05 02:08:18,876 - INFO - Data loaded successfully
2025-08-05 02:08:18,880 - INFO - Data loaded successfully
2025-08-05 02:08:18,897 - INFO - Data loaded successfully
2025-08-05 02:08:18,921 - INFO - Data loaded successfully
2025-08-05 02:08:18,940 - INFO - Data loaded successfully
2025-08-05 02:08:18,964 - INFO - Data loaded successfully
2025-08-05 02:08:18,981 - INFO - Data loaded successfully
2025-08-05 02:08:18,998 - INFO - Data loaded successfully
2025-08-05 02:08:19,051 - INFO - Data loaded successfully
2025-08-05 02:08:19,304 - INFO - Data loaded successfully
2025-08-05 02:09:28,495 - INFO - Data loaded successfully
2025-08-05 02:09:29,037 - INFO - Data loaded successfully
2025-08-05 02:09:29,097 - INFO - Data loaded successfully
2025-08-05 02:09:29,183 - INFO - Data loaded successfully
2025-08-05 02:09:29,190 - INFO - Data loaded successfully
2025-08-05 02:09:29,219 - INFO - Data loaded successfully
2025-08-05 02:09:29,245 - INFO - Data loaded successfully
2025-08-05 02:09:29,264 - INFO - Data loaded successfully
2025-08-05 02:09:29,285 - INFO - Data loaded successfully
2025-08-05 02:09:29,301 - INFO - Data loaded successfully
2025-08-05 02:09:29,341 - INFO - Data loaded successfully
2025-08-05 02:09:29,382 - INFO - Data loaded successfully
2025-08-05 02:09:29,583 - INFO - Data loaded successfully
2025-08-05 02:10:35,871 - INFO - Data loaded successfully
2025-08-05 02:10:36,272 - INFO - Data loaded successfully
2025-08-05 02:10:36,332 - INFO - Data loaded successfully
2025-08-05 02:10:36,398 - INFO - Data loaded successfully
2025-08-05 02:10:36,398 - INFO - Data loaded successfully
2025-08-05 02:10:36,453 - INFO - Data loaded successfully
2025-08-05 02:10:36,477 - INFO - Data loaded successfully
2025-08-05 02:10:36,494 - INFO - Data loaded successfully
2025-08-05 02:10:36,502 - INFO - Data loaded successfully
2025-08-05 02:10:36,519 - INFO - Data loaded successfully
2025-08-05 02:10:36,544 - INFO - Data loaded successfully
2025-08-05 02:10:36,567 - INFO - Data loaded successfully
2025-08-05 02:11:33,755 - INFO - Data loaded successfully
2025-08-05 02:11:34,326 - INFO - Data loaded successfully
2025-08-05 02:11:34,386 - INFO - Data loaded successfully
2025-08-05 02:11:34,447 - INFO - Data loaded successfully
2025-08-05 02:11:34,448 - INFO - Data loaded successfully
2025-08-05 02:11:34,506 - INFO - Data loaded successfully
2025-08-05 02:11:34,527 - INFO - Data loaded successfully
2025-08-05 02:11:34,544 - INFO - Data loaded successfully
2025-08-05 02:11:34,558 - INFO - Data loaded successfully
2025-08-05 02:11:34,574 - INFO - Data loaded successfully
2025-08-05 02:11:34,596 - INFO - Data loaded successfully
2025-08-05 02:11:34,611 - INFO - Data loaded successfully
2025-08-05 02:11:47,767 - INFO - Data loaded successfully
2025-08-05 02:11:48,160 - INFO - Data loaded successfully
2025-08-05 02:11:48,223 - INFO - Data loaded successfully
2025-08-05 02:11:48,274 - INFO - Data loaded successfully
2025-08-05 02:11:48,276 - INFO - Data loaded successfully
2025-08-05 02:11:48,293 - INFO - Data loaded successfully
2025-08-05 02:11:48,358 - INFO - Data loaded successfully
2025-08-05 02:11:48,378 - INFO - Data loaded successfully
2025-08-05 02:11:48,397 - INFO - Data loaded successfully
2025-08-05 02:11:48,412 - INFO - Data loaded successfully
2025-08-05 02:11:48,432 - INFO - Data loaded successfully
2025-08-05 02:12:22,397 - INFO - Data loaded successfully
2025-08-05 02:12:22,814 - INFO - Data loaded successfully
2025-08-05 02:12:22,859 - INFO - Data loaded successfully
2025-08-05 02:12:22,902 - INFO - Data loaded successfully
2025-08-05 02:12:22,906 - INFO - Data loaded successfully
2025-08-05 02:12:22,909 - INFO - Data loaded successfully
2025-08-05 02:12:22,954 - INFO - Data loaded successfully
2025-08-05 02:12:22,959 - INFO - Data loaded successfully
2025-08-05 02:12:22,976 - INFO - Data loaded successfully
2025-08-05 02:12:22,990 - INFO - Data loaded successfully
2025-08-05 02:13:03,204 - INFO - Data loaded successfully
2025-08-05 02:13:03,644 - INFO - Data loaded successfully
2025-08-05 02:13:03,702 - INFO - Data loaded successfully
2025-08-05 02:13:03,757 - INFO - Data loaded successfully
2025-08-05 02:13:03,757 - INFO - Data loaded successfully
